<?xml version="1.0" encoding="utf-8"?><testsuites name="pytest tests"><testsuite name="pytest" errors="0" failures="0" skipped="0" tests="23" time="1.026" timestamp="2026-08-05T22:52:57.238896+08:00" hostname="LAPTOP-T666HCR5"><testcase classname="tests.multi_framework_benchmark.test_protocol_v0_2_contracts" name="test_01_action_canonicalization" time="0.002" /><testcase classname="tests.multi_framework_benchmark.test_protocol_v0_2_contracts" name="test_02_coordinate_scaling" time="0.001" /><testcase classname="tests.multi_framework_benchmark.test_protocol_v0_2_contracts" name="test_03_answer_contract[one]" time="0.002" /><testcase classname="tests.multi_framework_benchmark.test_protocol_v0_2_contracts" name="test_03_answer_contract[12.5]" time="0.002" /><testcase classname="tests.multi_framework_benchmark.test_protocol_v0_2_contracts" name="test_03_answer_contract[Monday]" time="0.001" /><testcase classname="tests.multi_framework_benchmark.test_protocol_v0_2_contracts" name="test_04_finish_does_not_override_evaluator" time="0.002" /><testcase classname="tests.multi_framework_benchmark.test_protocol_v0_2_contracts" name="test_05_evaluator_leakage_fails_closed" time="0.002" /><testcase classname="tests.multi_framework_benchmark.test_protocol_v0_2_contracts" name="test_06_ui_tree_excluded_from_pixel_arm" time="0.003" /><testcase classname="tests.multi_framework_benchmark.test_protocol_v0_2_contracts" name="test_07_action_budget_ceiling" time="0.004" /><testcase classname="tests.multi_framework_benchmark.test_protocol_v0_2_contracts" name="test_08_model_call_ceiling" time="0.003" /><testcase classname="tests.multi_framework_benchmark.test_protocol_v0_2_contracts" name="test_09_token_ceiling" time="0.003" /><testcase classname="tests.multi_framework_benchmark.test_protocol_v0_2_contracts" name="test_10_wall_clock_formula" time="0.002" /><testcase classname="tests.multi_framework_benchmark.test_protocol_v0_2_contracts" name="test_11_reset_lifecycle" time="0.002" /><testcase classname="tests.multi_framework_benchmark.test_protocol_v0_2_contracts" name="test_12_task_parameter_hash_equality" time="0.003" /><testcase classname="tests.multi_framework_benchmark.test_protocol_v0_2_contracts" name="test_13_hash_freeze" time="0.002" /><testcase classname="tests.multi_framework_benchmark.test_protocol_v0_2_contracts" name="test_14_protected_hash_guard" time="0.030" /><testcase classname="tests.multi_framework_benchmark.test_protocol_v0_2_contracts" name="test_15_rerun_linkage" time="0.002" /><testcase classname="tests.multi_framework_benchmark.test_protocol_v0_2_contracts" name="test_16_event_schema_completeness" time="0.058" /><testcase classname="tests.multi_framework_benchmark.test_protocol_v0_2_contracts" name="test_17_loop_detector" time="0.002" /><testcase classname="tests.multi_framework_benchmark.test_protocol_v0_2_contracts" name="test_18_no_effect_screenshot" time="0.002" /><testcase classname="tests.multi_framework_benchmark.test_protocol_v0_2_contracts" name="test_19_step_multiplier" time="0.002" /><testcase classname="tests.multi_framework_benchmark.test_protocol_v0_2_contracts" name="test_20_frozen_outputs_rejected" time="0.057" /><testcase classname="tests.multi_framework_benchmark.test_protocol_v0_2_contracts" name="test_capability_schema_and_conjunction" time="0.031" /></testsuite></testsuites>